<?xml version="1.0" encoding="UTF-8"?>
<testsuite name="org.example.AppTest" tests="1" skipped="0" failures="0" errors="0" timestamp="2025-06-04T03:44:25" hostname="DESKTOP-HU77KFU" time="0.014">
  <properties/>
  <testcase name="appHasAGreeting()" classname="org.example.AppTest" time="0.014"/>
  <system-out><![CDATA[]]></system-out>
  <system-err><![CDATA[]]></system-err>
</testsuite>
